<!DOCTYPE html>
<html>
<head>
<meta http-equiv="Content-Type" content="text/html; charset=utf-8"/>
<meta http-equiv="x-ua-compatible" content="IE=edge"/>
<title>Test results - Class Demo</title>
<link href="../css/base-style.css" rel="stylesheet" type="text/css"/>
<link href="../css/style.css" rel="stylesheet" type="text/css"/>
<script src="../js/report.js" type="text/javascript"></script>
</head>
<body>
<div id="content">
<h1>Class Demo</h1>
<div class="breadcrumbs">
<a href="../index.html">all</a> &gt; 
<a href="../packages/default-package.html">default-package</a> &gt; Demo</div>
<div id="summary">
<table>
<tr>
<td>
<div class="summaryGroup">
<table>
<tr>
<td>
<div class="infoBox" id="tests">
<div class="counter">14</div>
<p>tests</p>
</div>
</td>
<td>
<div class="infoBox" id="failures">
<div class="counter">6</div>
<p>failures</p>
</div>
</td>
<td>
<div class="infoBox" id="ignored">
<div class="counter">0</div>
<p>ignored</p>
</div>
</td>
<td>
<div class="infoBox" id="duration">
<div class="counter">11m23.29s</div>
<p>duration</p>
</div>
</td>
</tr>
</table>
</div>
</td>
<td>
<div class="infoBox failures" id="successRate">
<div class="percent">57%</div>
<p>successful</p>
</div>
</td>
</tr>
</table>
</div>
<div id="tabs">
<ul class="tabLinks">
<li>
<a href="#tab0">Failed tests</a>
</li>
<li>
<a href="#tab1">Tests</a>
</li>
<li>
<a href="#tab2">Standard output</a>
</li>
<li>
<a href="#tab3">Standard error</a>
</li>
</ul>
<div id="tab0" class="tab">
<h2>Failed tests</h2>
<div class="test">
<a name="As a user I should be login successfully"></a>
<h3 class="failures">As a user I should be login successfully</h3>
<span class="code">
<pre>org.openqa.selenium.ElementClickInterceptedException: element click intercepted: Element &lt;span class=&quot;MuiButton-label&quot;&gt;...&lt;/span&gt; is not clickable at point (1082, 50). Other element would receive the click: &lt;div class=&quot;MuiDialog-container MuiDialog-scrollPaper&quot; role=&quot;none presentation&quot; tabindex=&quot;-1&quot; style=&quot;opacity: 1; transition: opacity 225ms cubic-bezier(0.4, 0, 0.2, 1) 0ms;&quot;&gt;...&lt;/div&gt;
  (Session info: chrome=89.0.4389.90)
Build info: version: '3.141.59', revision: 'e82be7d358', time: '2018-11-14T08:17:03'
System info: host: 'Erhan-MacBook-Pro.local', ip: 'fe80:0:0:0:4ee:2e98:9ecf:c8b%en0', os.name: 'Mac OS X', os.arch: 'x86_64', os.version: '10.16', java.version: '13.0.2'
Driver info: org.openqa.selenium.chrome.ChromeDriver
Capabilities {acceptInsecureCerts: false, browserName: chrome, browserVersion: 89.0.4389.90, chrome: {chromedriverVersion: 89.0.4389.23 (61b08ee2c5002..., userDataDir: /var/folders/lc/wf9jqgv92pd...}, goog:chromeOptions: {debuggerAddress: localhost:61675}, javascriptEnabled: true, networkConnectionEnabled: false, pageLoadStrategy: normal, platform: MAC, platformName: MAC, proxy: Proxy(), setWindowRect: true, strictFileInteractability: false, timeouts: {implicit: 0, pageLoad: 300000, script: 30000}, unhandledPromptBehavior: dismiss and notify, webauthn:extension:largeBlob: true, webauthn:virtualAuthenticators: true}
Session ID: c2181f9e622e7f43248ef543b614b49f
	at java.base/jdk.internal.reflect.NativeConstructorAccessorImpl.newInstance0(Native Method)
	at java.base/jdk.internal.reflect.NativeConstructorAccessorImpl.newInstance(NativeConstructorAccessorImpl.java:62)
	at java.base/jdk.internal.reflect.DelegatingConstructorAccessorImpl.newInstance(DelegatingConstructorAccessorImpl.java:45)
	at java.base/java.lang.reflect.Constructor.newInstanceWithCaller(Constructor.java:500)
	at java.base/java.lang.reflect.Constructor.newInstance(Constructor.java:481)
	at org.openqa.selenium.remote.http.W3CHttpResponseCodec.createException(W3CHttpResponseCodec.java:187)
	at org.openqa.selenium.remote.http.W3CHttpResponseCodec.decode(W3CHttpResponseCodec.java:122)
	at org.openqa.selenium.remote.http.W3CHttpResponseCodec.decode(W3CHttpResponseCodec.java:49)
	at org.openqa.selenium.remote.HttpCommandExecutor.execute(HttpCommandExecutor.java:158)
	at org.openqa.selenium.remote.service.DriverCommandExecutor.execute(DriverCommandExecutor.java:83)
	at org.openqa.selenium.remote.RemoteWebDriver.execute(RemoteWebDriver.java:552)
	at org.openqa.selenium.remote.RemoteWebElement.execute(RemoteWebElement.java:285)
	at org.openqa.selenium.remote.RemoteWebElement.click(RemoteWebElement.java:84)
	at jdk.internal.reflect.GeneratedMethodAccessor1.invoke(Unknown Source)
	at java.base/jdk.internal.reflect.DelegatingMethodAccessorImpl.invoke(DelegatingMethodAccessorImpl.java:43)
	at java.base/java.lang.reflect.Method.invoke(Method.java:567)
	at org.openqa.selenium.support.pagefactory.internal.LocatingElementHandler.invoke(LocatingElementHandler.java:51)
	at com.sun.proxy.$Proxy24.click(Unknown Source)
	at com.edutest.pages.ui.Login.enterRoleCredentialsAndClickLogin(Login.java:91)
	at com.edutest.stepDefinitions.ui.LoginStepDef.enter_credentials_then_click_login(LoginStepDef.java:23)
	at ✽.enter &quot;student&quot; credentials then click login(file:src/test/resources/features/uiFeatures/Demo.feature:65)
</pre>
</span>
</div>
<div class="test">
<a name="As a user I should be login successfully"></a>
<h3 class="failures">As a user I should be login successfully</h3>
<span class="code">
<pre>org.openqa.selenium.ElementClickInterceptedException: element click intercepted: Element &lt;span class=&quot;MuiButton-label&quot;&gt;...&lt;/span&gt; is not clickable at point (1082, 50). Other element would receive the click: &lt;div class=&quot;MuiDialog-container MuiDialog-scrollPaper&quot; role=&quot;none presentation&quot; tabindex=&quot;-1&quot; style=&quot;opacity: 1; transition: opacity 225ms cubic-bezier(0.4, 0, 0.2, 1) 0ms;&quot;&gt;...&lt;/div&gt;
  (Session info: chrome=89.0.4389.90)
Build info: version: '3.141.59', revision: 'e82be7d358', time: '2018-11-14T08:17:03'
System info: host: 'Erhan-MacBook-Pro.local', ip: 'fe80:0:0:0:4ee:2e98:9ecf:c8b%en0', os.name: 'Mac OS X', os.arch: 'x86_64', os.version: '10.16', java.version: '13.0.2'
Driver info: org.openqa.selenium.chrome.ChromeDriver
Capabilities {acceptInsecureCerts: false, browserName: chrome, browserVersion: 89.0.4389.90, chrome: {chromedriverVersion: 89.0.4389.23 (61b08ee2c5002..., userDataDir: /var/folders/lc/wf9jqgv92pd...}, goog:chromeOptions: {debuggerAddress: localhost:60930}, javascriptEnabled: true, networkConnectionEnabled: false, pageLoadStrategy: normal, platform: MAC, platformName: MAC, proxy: Proxy(), setWindowRect: true, strictFileInteractability: false, timeouts: {implicit: 0, pageLoad: 300000, script: 30000}, unhandledPromptBehavior: dismiss and notify, webauthn:extension:largeBlob: true, webauthn:virtualAuthenticators: true}
Session ID: e7de889b5e93178db198678492469406
	at java.base/jdk.internal.reflect.NativeConstructorAccessorImpl.newInstance0(Native Method)
	at java.base/jdk.internal.reflect.NativeConstructorAccessorImpl.newInstance(NativeConstructorAccessorImpl.java:62)
	at java.base/jdk.internal.reflect.DelegatingConstructorAccessorImpl.newInstance(DelegatingConstructorAccessorImpl.java:45)
	at java.base/java.lang.reflect.Constructor.newInstanceWithCaller(Constructor.java:500)
	at java.base/java.lang.reflect.Constructor.newInstance(Constructor.java:481)
	at org.openqa.selenium.remote.http.W3CHttpResponseCodec.createException(W3CHttpResponseCodec.java:187)
	at org.openqa.selenium.remote.http.W3CHttpResponseCodec.decode(W3CHttpResponseCodec.java:122)
	at org.openqa.selenium.remote.http.W3CHttpResponseCodec.decode(W3CHttpResponseCodec.java:49)
	at org.openqa.selenium.remote.HttpCommandExecutor.execute(HttpCommandExecutor.java:158)
	at org.openqa.selenium.remote.service.DriverCommandExecutor.execute(DriverCommandExecutor.java:83)
	at org.openqa.selenium.remote.RemoteWebDriver.execute(RemoteWebDriver.java:552)
	at org.openqa.selenium.remote.RemoteWebElement.execute(RemoteWebElement.java:285)
	at org.openqa.selenium.remote.RemoteWebElement.click(RemoteWebElement.java:84)
	at jdk.internal.reflect.GeneratedMethodAccessor1.invoke(Unknown Source)
	at java.base/jdk.internal.reflect.DelegatingMethodAccessorImpl.invoke(DelegatingMethodAccessorImpl.java:43)
	at java.base/java.lang.reflect.Method.invoke(Method.java:567)
	at org.openqa.selenium.support.pagefactory.internal.LocatingElementHandler.invoke(LocatingElementHandler.java:51)
	at com.sun.proxy.$Proxy24.click(Unknown Source)
	at com.edutest.pages.ui.Login.enterRoleCredentialsAndClickLogin(Login.java:91)
	at com.edutest.stepDefinitions.ui.LoginStepDef.enter_credentials_then_click_login(LoginStepDef.java:23)
	at ✽.enter &quot;superadmin&quot; credentials then click login(file:src/test/resources/features/uiFeatures/Demo.feature:65)
</pre>
</span>
</div>
<div class="test">
<a name="As a user I should be login successfully"></a>
<h3 class="failures">As a user I should be login successfully</h3>
<span class="code">
<pre>org.openqa.selenium.ElementClickInterceptedException: element click intercepted: Element &lt;span class=&quot;MuiButton-label&quot;&gt;...&lt;/span&gt; is not clickable at point (1082, 50). Other element would receive the click: &lt;div class=&quot;MuiDialog-container MuiDialog-scrollPaper&quot; role=&quot;none presentation&quot; tabindex=&quot;-1&quot; style=&quot;opacity: 1; transition: opacity 225ms cubic-bezier(0.4, 0, 0.2, 1) 0ms;&quot;&gt;...&lt;/div&gt;
  (Session info: chrome=89.0.4389.90)
Build info: version: '3.141.59', revision: 'e82be7d358', time: '2018-11-14T08:17:03'
System info: host: 'Erhan-MacBook-Pro.local', ip: 'fe80:0:0:0:4ee:2e98:9ecf:c8b%en0', os.name: 'Mac OS X', os.arch: 'x86_64', os.version: '10.16', java.version: '13.0.2'
Driver info: org.openqa.selenium.chrome.ChromeDriver
Capabilities {acceptInsecureCerts: false, browserName: chrome, browserVersion: 89.0.4389.90, chrome: {chromedriverVersion: 89.0.4389.23 (61b08ee2c5002..., userDataDir: /var/folders/lc/wf9jqgv92pd...}, goog:chromeOptions: {debuggerAddress: localhost:61130}, javascriptEnabled: true, networkConnectionEnabled: false, pageLoadStrategy: normal, platform: MAC, platformName: MAC, proxy: Proxy(), setWindowRect: true, strictFileInteractability: false, timeouts: {implicit: 0, pageLoad: 300000, script: 30000}, unhandledPromptBehavior: dismiss and notify, webauthn:extension:largeBlob: true, webauthn:virtualAuthenticators: true}
Session ID: 7485c3227b686017617e668faf9f54f3
	at java.base/jdk.internal.reflect.NativeConstructorAccessorImpl.newInstance0(Native Method)
	at java.base/jdk.internal.reflect.NativeConstructorAccessorImpl.newInstance(NativeConstructorAccessorImpl.java:62)
	at java.base/jdk.internal.reflect.DelegatingConstructorAccessorImpl.newInstance(DelegatingConstructorAccessorImpl.java:45)
	at java.base/java.lang.reflect.Constructor.newInstanceWithCaller(Constructor.java:500)
	at java.base/java.lang.reflect.Constructor.newInstance(Constructor.java:481)
	at org.openqa.selenium.remote.http.W3CHttpResponseCodec.createException(W3CHttpResponseCodec.java:187)
	at org.openqa.selenium.remote.http.W3CHttpResponseCodec.decode(W3CHttpResponseCodec.java:122)
	at org.openqa.selenium.remote.http.W3CHttpResponseCodec.decode(W3CHttpResponseCodec.java:49)
	at org.openqa.selenium.remote.HttpCommandExecutor.execute(HttpCommandExecutor.java:158)
	at org.openqa.selenium.remote.service.DriverCommandExecutor.execute(DriverCommandExecutor.java:83)
	at org.openqa.selenium.remote.RemoteWebDriver.execute(RemoteWebDriver.java:552)
	at org.openqa.selenium.remote.RemoteWebElement.execute(RemoteWebElement.java:285)
	at org.openqa.selenium.remote.RemoteWebElement.click(RemoteWebElement.java:84)
	at jdk.internal.reflect.GeneratedMethodAccessor1.invoke(Unknown Source)
	at java.base/jdk.internal.reflect.DelegatingMethodAccessorImpl.invoke(DelegatingMethodAccessorImpl.java:43)
	at java.base/java.lang.reflect.Method.invoke(Method.java:567)
	at org.openqa.selenium.support.pagefactory.internal.LocatingElementHandler.invoke(LocatingElementHandler.java:51)
	at com.sun.proxy.$Proxy24.click(Unknown Source)
	at com.edutest.pages.ui.Login.enterRoleCredentialsAndClickLogin(Login.java:91)
	at com.edutest.stepDefinitions.ui.LoginStepDef.enter_credentials_then_click_login(LoginStepDef.java:23)
	at ✽.enter &quot;moderator&quot; credentials then click login(file:src/test/resources/features/uiFeatures/Demo.feature:65)
</pre>
</span>
</div>
<div class="test">
<a name="As a user I should be login successfully"></a>
<h3 class="failures">As a user I should be login successfully</h3>
<span class="code">
<pre>org.openqa.selenium.ElementClickInterceptedException: element click intercepted: Element &lt;span class=&quot;MuiButton-label&quot;&gt;...&lt;/span&gt; is not clickable at point (1082, 50). Other element would receive the click: &lt;div class=&quot;MuiDialog-container MuiDialog-scrollPaper&quot; role=&quot;none presentation&quot; tabindex=&quot;-1&quot; style=&quot;opacity: 1; transition: opacity 225ms cubic-bezier(0.4, 0, 0.2, 1) 0ms;&quot;&gt;...&lt;/div&gt;
  (Session info: chrome=89.0.4389.90)
Build info: version: '3.141.59', revision: 'e82be7d358', time: '2018-11-14T08:17:03'
System info: host: 'Erhan-MacBook-Pro.local', ip: 'fe80:0:0:0:4ee:2e98:9ecf:c8b%en0', os.name: 'Mac OS X', os.arch: 'x86_64', os.version: '10.16', java.version: '13.0.2'
Driver info: org.openqa.selenium.chrome.ChromeDriver
Capabilities {acceptInsecureCerts: false, browserName: chrome, browserVersion: 89.0.4389.90, chrome: {chromedriverVersion: 89.0.4389.23 (61b08ee2c5002..., userDataDir: /var/folders/lc/wf9jqgv92pd...}, goog:chromeOptions: {debuggerAddress: localhost:61473}, javascriptEnabled: true, networkConnectionEnabled: false, pageLoadStrategy: normal, platform: MAC, platformName: MAC, proxy: Proxy(), setWindowRect: true, strictFileInteractability: false, timeouts: {implicit: 0, pageLoad: 300000, script: 30000}, unhandledPromptBehavior: dismiss and notify, webauthn:extension:largeBlob: true, webauthn:virtualAuthenticators: true}
Session ID: 018b4a4d5511a0a2e3935cb4d791a124
	at java.base/jdk.internal.reflect.NativeConstructorAccessorImpl.newInstance0(Native Method)
	at java.base/jdk.internal.reflect.NativeConstructorAccessorImpl.newInstance(NativeConstructorAccessorImpl.java:62)
	at java.base/jdk.internal.reflect.DelegatingConstructorAccessorImpl.newInstance(DelegatingConstructorAccessorImpl.java:45)
	at java.base/java.lang.reflect.Constructor.newInstanceWithCaller(Constructor.java:500)
	at java.base/java.lang.reflect.Constructor.newInstance(Constructor.java:481)
	at org.openqa.selenium.remote.http.W3CHttpResponseCodec.createException(W3CHttpResponseCodec.java:187)
	at org.openqa.selenium.remote.http.W3CHttpResponseCodec.decode(W3CHttpResponseCodec.java:122)
	at org.openqa.selenium.remote.http.W3CHttpResponseCodec.decode(W3CHttpResponseCodec.java:49)
	at org.openqa.selenium.remote.HttpCommandExecutor.execute(HttpCommandExecutor.java:158)
	at org.openqa.selenium.remote.service.DriverCommandExecutor.execute(DriverCommandExecutor.java:83)
	at org.openqa.selenium.remote.RemoteWebDriver.execute(RemoteWebDriver.java:552)
	at org.openqa.selenium.remote.RemoteWebElement.execute(RemoteWebElement.java:285)
	at org.openqa.selenium.remote.RemoteWebElement.click(RemoteWebElement.java:84)
	at jdk.internal.reflect.GeneratedMethodAccessor1.invoke(Unknown Source)
	at java.base/jdk.internal.reflect.DelegatingMethodAccessorImpl.invoke(DelegatingMethodAccessorImpl.java:43)
	at java.base/java.lang.reflect.Method.invoke(Method.java:567)
	at org.openqa.selenium.support.pagefactory.internal.LocatingElementHandler.invoke(LocatingElementHandler.java:51)
	at com.sun.proxy.$Proxy24.click(Unknown Source)
	at com.edutest.pages.ui.Login.enterRoleCredentialsAndClickLogin(Login.java:91)
	at com.edutest.stepDefinitions.ui.LoginStepDef.enter_credentials_then_click_login(LoginStepDef.java:23)
	at ✽.enter &quot;teacher&quot; credentials then click login(file:src/test/resources/features/uiFeatures/Demo.feature:65)
</pre>
</span>
</div>
<div class="test">
<a name="As a user I should be login successfully"></a>
<h3 class="failures">As a user I should be login successfully</h3>
<span class="code">
<pre>org.openqa.selenium.ElementClickInterceptedException: element click intercepted: Element &lt;span class=&quot;MuiButton-label&quot;&gt;...&lt;/span&gt; is not clickable at point (1082, 50). Other element would receive the click: &lt;div class=&quot;MuiDialog-container MuiDialog-scrollPaper&quot; role=&quot;none presentation&quot; tabindex=&quot;-1&quot; style=&quot;opacity: 1; transition: opacity 225ms cubic-bezier(0.4, 0, 0.2, 1) 0ms;&quot;&gt;...&lt;/div&gt;
  (Session info: chrome=89.0.4389.90)
Build info: version: '3.141.59', revision: 'e82be7d358', time: '2018-11-14T08:17:03'
System info: host: 'Erhan-MacBook-Pro.local', ip: 'fe80:0:0:0:4ee:2e98:9ecf:c8b%en0', os.name: 'Mac OS X', os.arch: 'x86_64', os.version: '10.16', java.version: '13.0.2'
Driver info: org.openqa.selenium.chrome.ChromeDriver
Capabilities {acceptInsecureCerts: false, browserName: chrome, browserVersion: 89.0.4389.90, chrome: {chromedriverVersion: 89.0.4389.23 (61b08ee2c5002..., userDataDir: /var/folders/lc/wf9jqgv92pd...}, goog:chromeOptions: {debuggerAddress: localhost:61306}, javascriptEnabled: true, networkConnectionEnabled: false, pageLoadStrategy: normal, platform: MAC, platformName: MAC, proxy: Proxy(), setWindowRect: true, strictFileInteractability: false, timeouts: {implicit: 0, pageLoad: 300000, script: 30000}, unhandledPromptBehavior: dismiss and notify, webauthn:extension:largeBlob: true, webauthn:virtualAuthenticators: true}
Session ID: 6fe5fd3ee16eb9369894907d405f48e5
	at java.base/jdk.internal.reflect.NativeConstructorAccessorImpl.newInstance0(Native Method)
	at java.base/jdk.internal.reflect.NativeConstructorAccessorImpl.newInstance(NativeConstructorAccessorImpl.java:62)
	at java.base/jdk.internal.reflect.DelegatingConstructorAccessorImpl.newInstance(DelegatingConstructorAccessorImpl.java:45)
	at java.base/java.lang.reflect.Constructor.newInstanceWithCaller(Constructor.java:500)
	at java.base/java.lang.reflect.Constructor.newInstance(Constructor.java:481)
	at org.openqa.selenium.remote.http.W3CHttpResponseCodec.createException(W3CHttpResponseCodec.java:187)
	at org.openqa.selenium.remote.http.W3CHttpResponseCodec.decode(W3CHttpResponseCodec.java:122)
	at org.openqa.selenium.remote.http.W3CHttpResponseCodec.decode(W3CHttpResponseCodec.java:49)
	at org.openqa.selenium.remote.HttpCommandExecutor.execute(HttpCommandExecutor.java:158)
	at org.openqa.selenium.remote.service.DriverCommandExecutor.execute(DriverCommandExecutor.java:83)
	at org.openqa.selenium.remote.RemoteWebDriver.execute(RemoteWebDriver.java:552)
	at org.openqa.selenium.remote.RemoteWebElement.execute(RemoteWebElement.java:285)
	at org.openqa.selenium.remote.RemoteWebElement.click(RemoteWebElement.java:84)
	at jdk.internal.reflect.GeneratedMethodAccessor1.invoke(Unknown Source)
	at java.base/jdk.internal.reflect.DelegatingMethodAccessorImpl.invoke(DelegatingMethodAccessorImpl.java:43)
	at java.base/java.lang.reflect.Method.invoke(Method.java:567)
	at org.openqa.selenium.support.pagefactory.internal.LocatingElementHandler.invoke(LocatingElementHandler.java:51)
	at com.sun.proxy.$Proxy24.click(Unknown Source)
	at com.edutest.pages.ui.Login.enterRoleCredentialsAndClickLogin(Login.java:91)
	at com.edutest.stepDefinitions.ui.LoginStepDef.enter_credentials_then_click_login(LoginStepDef.java:23)
	at ✽.enter &quot;editor&quot; credentials then click login(file:src/test/resources/features/uiFeatures/Demo.feature:65)
</pre>
</span>
</div>
<div class="test">
<a name="Moderator able to create exam types"></a>
<h3 class="failures">Moderator able to create exam types</h3>
<span class="code">
<pre>org.junit.ComparisonFailure: expected:&lt;[Exam Type created!]&gt; but was:&lt;[]&gt;
	at org.junit.Assert.assertEquals(Assert.java:115)
	at org.junit.Assert.assertEquals(Assert.java:144)
	at com.edutest.stepDefinitions.ui.SuperAdminStepDef.userEnterInformationAndClickAndVerify(SuperAdminStepDef.java:96)
	at ✽.User enter information and click &quot;KZ&quot; and verify &quot;Exam Type created!&quot;(file:src/test/resources/features/uiFeatures/Demo.feature:34)
</pre>
</span>
</div>
</div>
<div id="tab1" class="tab">
<h2>Tests</h2>
<table>
<thead>
<tr>
<th>Test</th>
<th>Duration</th>
<th>Result</th>
</tr>
</thead>
<tr>
<td class="failures">As a user I should be login successfully</td>
<td class="failures">37.506s</td>
<td class="failures">failed</td>
</tr>
<tr>
<td class="failures">As a user I should be login successfully</td>
<td class="failures">38.178s</td>
<td class="failures">failed</td>
</tr>
<tr>
<td class="failures">As a user I should be login successfully</td>
<td class="failures">35.562s</td>
<td class="failures">failed</td>
</tr>
<tr>
<td class="failures">As a user I should be login successfully</td>
<td class="failures">37.364s</td>
<td class="failures">failed</td>
</tr>
<tr>
<td class="failures">As a user I should be login successfully</td>
<td class="failures">34.538s</td>
<td class="failures">failed</td>
</tr>
<tr>
<td class="success">Editor able to create question</td>
<td class="success">1m27.98s</td>
<td class="success">passed</td>
</tr>
<tr>
<td class="success">Moderator able to create exam types</td>
<td class="success">42.334s</td>
<td class="success">passed</td>
</tr>
<tr>
<td class="failures">Moderator able to create exam types</td>
<td class="failures">45.138s</td>
<td class="failures">failed</td>
</tr>
<tr>
<td class="success">Moderator able to create exam types</td>
<td class="success">43.844s</td>
<td class="success">passed</td>
</tr>
<tr>
<td class="success">Moderator able to create topic</td>
<td class="success">1m15.97s</td>
<td class="success">passed</td>
</tr>
<tr>
<td class="success">Super admin able to create some roles</td>
<td class="success">52.126s</td>
<td class="success">passed</td>
</tr>
<tr>
<td class="success">Super admin able to create some roles</td>
<td class="success">50.914s</td>
<td class="success">passed</td>
</tr>
<tr>
<td class="success">Super admin able to create user roles</td>
<td class="success">44.655s</td>
<td class="success">passed</td>
</tr>
<tr>
<td class="success">Super admin able to create user roles</td>
<td class="success">57.185s</td>
<td class="success">passed</td>
</tr>
</table>
</div>
<div id="tab2" class="tab">
<h2>Standard output</h2>
<span class="code">
<pre>@regressionSuite
Feature: Demo

  @createUser @smoke
  Scenario Outline: Super admin able to create user roles ?[90m# src/test/resources/features/uiFeatures/Demo.feature:8?[0m
    ?[36mWhen Login as a &quot;superadmin&quot;?[0m
    ?[36mAnd User click &quot;&lt;Role&gt;&quot; and &quot;&lt;Add Role&gt;&quot;?[0m
    ?[36mThen Enter valid information and verify &quot;&lt;Role created&gt;&quot;?[0m

    Examples: 

  Background:                   ?[90m# src/test/resources/features/uiFeatures/Demo.feature:4?[0m
[@smoke, @regressionSuite, @createUser]
Super admin able to create user roles
BEFORE
13:21:09.721 [Test worker] DEBUG io.github.bonigarcia.wdm.cache.ResolutionCache - Resolution chrome=89 in cache (valid until 13:57:41 26/03/2021 GMT)
13:21:09.858 [Test worker] DEBUG io.github.bonigarcia.wdm.cache.ResolutionCache - Resolution chrome89=89.0.4389.23 in cache (valid until 21:40:02 26/03/2021 GMT)
13:21:09.859 [Test worker] INFO io.github.bonigarcia.wdm.WebDriverManager - Using chromedriver 89.0.4389.23 (resolved driver for Chrome 89)
13:21:09.981 [Test worker] DEBUG io.github.bonigarcia.wdm.WebDriverManager - Driver chromedriver 89.0.4389.23 found in cache
13:21:10.029 [Test worker] INFO io.github.bonigarcia.wdm.WebDriverManager - Exporting webdriver.chrome.driver as /Users/erhanilgar/.cache/selenium/chromedriver/mac64/89.0.4389.23/chromedriver
    ?[32mGiven ?[0m?[32mnavigate landing page?[0m ?[90m# StudentStepDef.navigate_landing_page()?[0m

  @regressionSuite @createUser @smoke
  Scenario Outline: Super admin able to create user roles       ?[90m# src/test/resources/features/uiFeatures/Demo.feature:15?[0m
    ?[32mWhen ?[0m?[32mLogin as a ?[0m?[32m?[1m&quot;superadmin&quot;?[0m                                ?[90m# SuperAdminStepDef.login_as_a(String)?[0m
    ?[32mAnd ?[0m?[32mUser click ?[0m?[32m?[1m&quot;Moderator&quot;?[0m?[32m and ?[0m?[32m?[1m&quot;Add Moderator&quot;?[0m              ?[90m# SuperAdminStepDef.user_click_and(String,String)?[0m
actualText = Moderator created
    ?[32mThen ?[0m?[32mEnter valid information and verify ?[0m?[32m?[1m&quot;Moderator created&quot;?[0m ?[90m# SuperAdminStepDef.enterValidInformationAndVerify(String)?[0m

  Background:                   ?[90m# src/test/resources/features/uiFeatures/Demo.feature:4?[0m
[@smoke, @regressionSuite, @createUser]
Super admin able to create user roles
BEFORE
13:22:03.750 [Test worker] DEBUG io.github.bonigarcia.wdm.cache.ResolutionCache - Resolution chrome=89 in cache (valid until 13:57:41 26/03/2021 GMT)
13:22:03.758 [Test worker] DEBUG io.github.bonigarcia.wdm.cache.ResolutionCache - Resolution chrome89=89.0.4389.23 in cache (valid until 21:40:02 26/03/2021 GMT)
13:22:03.761 [Test worker] INFO io.github.bonigarcia.wdm.WebDriverManager - Using chromedriver 89.0.4389.23 (resolved driver for Chrome 89)
13:22:03.776 [Test worker] DEBUG io.github.bonigarcia.wdm.WebDriverManager - Driver chromedriver 89.0.4389.23 found in cache
13:22:03.781 [Test worker] INFO io.github.bonigarcia.wdm.WebDriverManager - Exporting webdriver.chrome.driver as /Users/erhanilgar/.cache/selenium/chromedriver/mac64/89.0.4389.23/chromedriver
    ?[32mGiven ?[0m?[32mnavigate landing page?[0m ?[90m# StudentStepDef.navigate_landing_page()?[0m

  @regressionSuite @createUser @smoke
  Scenario Outline: Super admin able to create user roles    ?[90m# src/test/resources/features/uiFeatures/Demo.feature:16?[0m
    ?[32mWhen ?[0m?[32mLogin as a ?[0m?[32m?[1m&quot;superadmin&quot;?[0m                             ?[90m# SuperAdminStepDef.login_as_a(String)?[0m
    ?[32mAnd ?[0m?[32mUser click ?[0m?[32m?[1m&quot;Editor&quot;?[0m?[32m and ?[0m?[32m?[1m&quot;Add Editor&quot;?[0m                 ?[90m# SuperAdminStepDef.user_click_and(String,String)?[0m
actualText = Editor created
    ?[32mThen ?[0m?[32mEnter valid information and verify ?[0m?[32m?[1m&quot;Editor created&quot;?[0m ?[90m# SuperAdminStepDef.enterValidInformationAndVerify(String)?[0m

  @create @smoke
  Scenario Outline: Super admin able to create some roles ?[90m# src/test/resources/features/uiFeatures/Demo.feature:19?[0m
    ?[36mWhen Login as a &quot;superadmin&quot;?[0m
    ?[36mAnd User click &quot;&lt;Role&gt;&quot; and &quot;&lt;Add Role&gt;&quot;?[0m
    ?[36mThen Enter information and verify &quot;&lt;Role created&gt;&quot;?[0m

    Examples: 

  Background:                   ?[90m# src/test/resources/features/uiFeatures/Demo.feature:4?[0m
[@smoke, @regressionSuite, @create]
Super admin able to create some roles
BEFORE
13:22:48.447 [Test worker] DEBUG io.github.bonigarcia.wdm.cache.ResolutionCache - Resolution chrome=89 in cache (valid until 13:57:41 26/03/2021 GMT)
13:22:48.514 [Test worker] DEBUG io.github.bonigarcia.wdm.cache.ResolutionCache - Resolution chrome89=89.0.4389.23 in cache (valid until 21:40:02 26/03/2021 GMT)
13:22:48.515 [Test worker] INFO io.github.bonigarcia.wdm.WebDriverManager - Using chromedriver 89.0.4389.23 (resolved driver for Chrome 89)
13:22:48.628 [Test worker] DEBUG io.github.bonigarcia.wdm.WebDriverManager - Driver chromedriver 89.0.4389.23 found in cache
13:22:48.630 [Test worker] INFO io.github.bonigarcia.wdm.WebDriverManager - Exporting webdriver.chrome.driver as /Users/erhanilgar/.cache/selenium/chromedriver/mac64/89.0.4389.23/chromedriver
    ?[32mGiven ?[0m?[32mnavigate landing page?[0m ?[90m# StudentStepDef.navigate_landing_page()?[0m

  @regressionSuite @create @smoke
  Scenario Outline: Super admin able to create some roles ?[90m# src/test/resources/features/uiFeatures/Demo.feature:26?[0m
    ?[32mWhen ?[0m?[32mLogin as a ?[0m?[32m?[1m&quot;superadmin&quot;?[0m                          ?[90m# SuperAdminStepDef.login_as_a(String)?[0m
    ?[32mAnd ?[0m?[32mUser click ?[0m?[32m?[1m&quot;Teachers&quot;?[0m?[32m and ?[0m?[32m?[1m&quot;Add Teacher&quot;?[0m           ?[90m# SuperAdminStepDef.user_click_and(String,String)?[0m
    ?[32mThen ?[0m?[32mEnter information and verify ?[0m?[32m?[1m&quot;Teacher created&quot;?[0m   ?[90m# SuperAdminStepDef.enterInformationAndVerify(String)?[0m

  Background:                   ?[90m# src/test/resources/features/uiFeatures/Demo.feature:4?[0m
[@smoke, @regressionSuite, @create]
Super admin able to create some roles
BEFORE
13:23:39.163 [Test worker] DEBUG io.github.bonigarcia.wdm.cache.ResolutionCache - Resolution chrome=89 in cache (valid until 13:57:41 26/03/2021 GMT)
13:23:39.173 [Test worker] DEBUG io.github.bonigarcia.wdm.cache.ResolutionCache - Resolution chrome89=89.0.4389.23 in cache (valid until 21:40:02 26/03/2021 GMT)
13:23:39.174 [Test worker] INFO io.github.bonigarcia.wdm.WebDriverManager - Using chromedriver 89.0.4389.23 (resolved driver for Chrome 89)
13:23:39.451 [Test worker] DEBUG io.github.bonigarcia.wdm.WebDriverManager - Driver chromedriver 89.0.4389.23 found in cache
13:23:39.454 [Test worker] INFO io.github.bonigarcia.wdm.WebDriverManager - Exporting webdriver.chrome.driver as /Users/erhanilgar/.cache/selenium/chromedriver/mac64/89.0.4389.23/chromedriver
    ?[32mGiven ?[0m?[32mnavigate landing page?[0m ?[90m# StudentStepDef.navigate_landing_page()?[0m

  @regressionSuite @create @smoke
  Scenario Outline: Super admin able to create some roles    ?[90m# src/test/resources/features/uiFeatures/Demo.feature:27?[0m
    ?[32mWhen ?[0m?[32mLogin as a ?[0m?[32m?[1m&quot;superadmin&quot;?[0m                             ?[90m# SuperAdminStepDef.login_as_a(String)?[0m
    ?[32mAnd ?[0m?[32mUser click ?[0m?[32m?[1m&quot;School Admin&quot;?[0m?[32m and ?[0m?[32m?[1m&quot;Add School Admin&quot;?[0m     ?[90m# SuperAdminStepDef.user_click_and(String,String)?[0m
    ?[32mThen ?[0m?[32mEnter information and verify ?[0m?[32m?[1m&quot;School Admin created&quot;?[0m ?[90m# SuperAdminStepDef.enterInformationAndVerify(String)?[0m

  @examType @smoke
  Scenario Outline: Moderator able to create exam types ?[90m# src/test/resources/features/uiFeatures/Demo.feature:31?[0m
    ?[36mWhen Login as a &quot;moderator&quot;?[0m
    ?[36mAnd User click &quot;&lt;Type&gt;&quot; and &quot;&lt;Add Type&gt;&quot;?[0m
    ?[36mThen User enter information and click &quot;&lt;Language&gt;&quot; and verify &quot;&lt;verify message&gt;&quot;?[0m

    Examples: 

  Background:                   ?[90m# src/test/resources/features/uiFeatures/Demo.feature:4?[0m
[@smoke, @regressionSuite, @examType]
Moderator able to create exam types
BEFORE
13:24:31.359 [Test worker] DEBUG io.github.bonigarcia.wdm.cache.ResolutionCache - Resolution chrome=89 in cache (valid until 13:57:41 26/03/2021 GMT)
13:24:31.366 [Test worker] DEBUG io.github.bonigarcia.wdm.cache.ResolutionCache - Resolution chrome89=89.0.4389.23 in cache (valid until 21:40:02 26/03/2021 GMT)
13:24:31.368 [Test worker] INFO io.github.bonigarcia.wdm.WebDriverManager - Using chromedriver 89.0.4389.23 (resolved driver for Chrome 89)
13:24:31.520 [Test worker] DEBUG io.github.bonigarcia.wdm.WebDriverManager - Driver chromedriver 89.0.4389.23 found in cache
13:24:31.531 [Test worker] INFO io.github.bonigarcia.wdm.WebDriverManager - Exporting webdriver.chrome.driver as /Users/erhanilgar/.cache/selenium/chromedriver/mac64/89.0.4389.23/chromedriver
    ?[32mGiven ?[0m?[32mnavigate landing page?[0m ?[90m# StudentStepDef.navigate_landing_page()?[0m

  @regressionSuite @examType @smoke
  Scenario Outline: Moderator able to create exam types                        ?[90m# src/test/resources/features/uiFeatures/Demo.feature:38?[0m
    ?[32mWhen ?[0m?[32mLogin as a ?[0m?[32m?[1m&quot;moderator&quot;?[0m                                                ?[90m# SuperAdminStepDef.login_as_a(String)?[0m
    ?[32mAnd ?[0m?[32mUser click ?[0m?[32m?[1m&quot;Exam Types&quot;?[0m?[32m and ?[0m?[32m?[1m&quot;Add Exam Type&quot;?[0m                            ?[90m# SuperAdminStepDef.user_click_and(String,String)?[0m
exam type
actualMessage = Exam Type created!
    ?[32mThen ?[0m?[32mUser enter information and click ?[0m?[32m?[1m&quot;EN&quot;?[0m?[32m and verify ?[0m?[32m?[1m&quot;Exam Type created!&quot;?[0m ?[90m# SuperAdminStepDef.userEnterInformationAndClickAndVerify(String,String)?[0m

  Background:                   ?[90m# src/test/resources/features/uiFeatures/Demo.feature:4?[0m
[@smoke, @regressionSuite, @examType]
Moderator able to create exam types
BEFORE
13:25:13.662 [Test worker] DEBUG io.github.bonigarcia.wdm.cache.ResolutionCache - Resolution chrome=89 in cache (valid until 13:57:41 26/03/2021 GMT)
13:25:13.686 [Test worker] DEBUG io.github.bonigarcia.wdm.cache.ResolutionCache - Resolution chrome89=89.0.4389.23 in cache (valid until 21:40:02 26/03/2021 GMT)
13:25:13.686 [Test worker] INFO io.github.bonigarcia.wdm.WebDriverManager - Using chromedriver 89.0.4389.23 (resolved driver for Chrome 89)
13:25:13.840 [Test worker] DEBUG io.github.bonigarcia.wdm.WebDriverManager - Driver chromedriver 89.0.4389.23 found in cache
13:25:13.842 [Test worker] INFO io.github.bonigarcia.wdm.WebDriverManager - Exporting webdriver.chrome.driver as /Users/erhanilgar/.cache/selenium/chromedriver/mac64/89.0.4389.23/chromedriver
    ?[32mGiven ?[0m?[32mnavigate landing page?[0m ?[90m# StudentStepDef.navigate_landing_page()?[0m

  @regressionSuite @examType @smoke
  Scenario Outline: Moderator able to create exam types                        ?[90m# src/test/resources/features/uiFeatures/Demo.feature:39?[0m
    ?[32mWhen ?[0m?[32mLogin as a ?[0m?[32m?[1m&quot;moderator&quot;?[0m                                                ?[90m# SuperAdminStepDef.login_as_a(String)?[0m
    ?[32mAnd ?[0m?[32mUser click ?[0m?[32m?[1m&quot;Exam Types&quot;?[0m?[32m and ?[0m?[32m?[1m&quot;Add Exam Type&quot;?[0m                            ?[90m# SuperAdminStepDef.user_click_and(String,String)?[0m
exam type
actualMessage = Exam Type created!
    ?[32mThen ?[0m?[32mUser enter information and click ?[0m?[32m?[1m&quot;RU&quot;?[0m?[32m and verify ?[0m?[32m?[1m&quot;Exam Type created!&quot;?[0m ?[90m# SuperAdminStepDef.userEnterInformationAndClickAndVerify(String,String)?[0m

  Background:                   ?[90m# src/test/resources/features/uiFeatures/Demo.feature:4?[0m
[@smoke, @regressionSuite, @examType]
Moderator able to create exam types
BEFORE
13:25:57.476 [Test worker] DEBUG io.github.bonigarcia.wdm.cache.ResolutionCache - Resolution chrome=89 in cache (valid until 13:57:41 26/03/2021 GMT)
13:25:57.482 [Test worker] DEBUG io.github.bonigarcia.wdm.cache.ResolutionCache - Resolution chrome89=89.0.4389.23 in cache (valid until 21:40:02 26/03/2021 GMT)
13:25:57.483 [Test worker] INFO io.github.bonigarcia.wdm.WebDriverManager - Using chromedriver 89.0.4389.23 (resolved driver for Chrome 89)
13:25:57.628 [Test worker] DEBUG io.github.bonigarcia.wdm.WebDriverManager - Driver chromedriver 89.0.4389.23 found in cache
13:25:57.636 [Test worker] INFO io.github.bonigarcia.wdm.WebDriverManager - Exporting webdriver.chrome.driver as /Users/erhanilgar/.cache/selenium/chromedriver/mac64/89.0.4389.23/chromedriver
    ?[32mGiven ?[0m?[32mnavigate landing page?[0m ?[90m# StudentStepDef.navigate_landing_page()?[0m

  @regressionSuite @examType @smoke
  Scenario Outline: Moderator able to create exam types                        ?[90m# src/test/resources/features/uiFeatures/Demo.feature:40?[0m
    ?[32mWhen ?[0m?[32mLogin as a ?[0m?[32m?[1m&quot;moderator&quot;?[0m                                                ?[90m# SuperAdminStepDef.login_as_a(String)?[0m
    ?[32mAnd ?[0m?[32mUser click ?[0m?[32m?[1m&quot;Exam Types&quot;?[0m?[32m and ?[0m?[32m?[1m&quot;Add Exam Type&quot;?[0m                            ?[90m# SuperAdminStepDef.user_click_and(String,String)?[0m
exam type
actualMessage = 
    ?[31mThen ?[0m?[31mUser enter information and click ?[0m?[31m?[1m&quot;KZ&quot;?[0m?[31m and verify ?[0m?[31m?[1m&quot;Exam Type created!&quot;?[0m ?[90m# SuperAdminStepDef.userEnterInformationAndClickAndVerify(String,String)?[0m
      ?[31morg.junit.ComparisonFailure: expected:&lt;[Exam Type created!]&gt; but was:&lt;[]&gt;
	at org.junit.Assert.assertEquals(Assert.java:115)
	at org.junit.Assert.assertEquals(Assert.java:144)
	at com.edutest.stepDefinitions.ui.SuperAdminStepDef.userEnterInformationAndClickAndVerify(SuperAdminStepDef.java:96)
	at ✽.User enter information and click &quot;KZ&quot; and verify &quot;Exam Type created!&quot;(file:src/test/resources/features/uiFeatures/Demo.feature:34)
?[0m

  @createTopic @smoke
  Scenario Outline: Moderator able to create topic ?[90m# src/test/resources/features/uiFeatures/Demo.feature:43?[0m
    ?[36mWhen Login as a &quot;moderator&quot;?[0m
    ?[36mAnd User click &quot;Topic Setup&quot; and &quot;Add Subject&quot;?[0m
    ?[36mThen User enter information and click &quot;&lt;Language&gt;&quot; and verify &quot;&lt;verify message&gt;&quot;?[0m
    ?[36mAnd User able to create section under the subject?[0m
    ?[36mAnd User able to add &quot;topic&quot; under the section and verify &quot;Created Successfully&quot;?[0m

    Examples: 

  Background:                   ?[90m# src/test/resources/features/uiFeatures/Demo.feature:4?[0m
[@smoke, @createTopic, @regressionSuite]
Moderator able to create topic
BEFORE
13:26:42.842 [Test worker] DEBUG io.github.bonigarcia.wdm.cache.ResolutionCache - Resolution chrome=89 in cache (valid until 13:57:41 26/03/2021 GMT)
13:26:42.845 [Test worker] DEBUG io.github.bonigarcia.wdm.cache.ResolutionCache - Resolution chrome89=89.0.4389.23 in cache (valid until 21:40:02 26/03/2021 GMT)
13:26:42.845 [Test worker] INFO io.github.bonigarcia.wdm.WebDriverManager - Using chromedriver 89.0.4389.23 (resolved driver for Chrome 89)
13:26:42.872 [Test worker] DEBUG io.github.bonigarcia.wdm.WebDriverManager - Driver chromedriver 89.0.4389.23 found in cache
13:26:42.874 [Test worker] INFO io.github.bonigarcia.wdm.WebDriverManager - Exporting webdriver.chrome.driver as /Users/erhanilgar/.cache/selenium/chromedriver/mac64/89.0.4389.23/chromedriver
    ?[32mGiven ?[0m?[32mnavigate landing page?[0m ?[90m# StudentStepDef.navigate_landing_page()?[0m

  @regressionSuite @createTopic @smoke
  Scenario Outline: Moderator able to create topic                                   ?[90m# src/test/resources/features/uiFeatures/Demo.feature:52?[0m
    ?[32mWhen ?[0m?[32mLogin as a ?[0m?[32m?[1m&quot;moderator&quot;?[0m                                                      ?[90m# SuperAdminStepDef.login_as_a(String)?[0m
    ?[32mAnd ?[0m?[32mUser click ?[0m?[32m?[1m&quot;Topic Setup&quot;?[0m?[32m and ?[0m?[32m?[1m&quot;Add Subject&quot;?[0m                                   ?[90m# SuperAdminStepDef.user_click_and(String,String)?[0m
    ?[32mThen ?[0m?[32mUser enter information and click ?[0m?[32m?[1m&quot;EN&quot;?[0m?[32m and verify ?[0m?[32m?[1m&quot;Subject created&quot;?[0m          ?[90m# SuperAdminStepDef.userEnterInformationAndClickAndVerify(String,String)?[0m
    ?[32mAnd ?[0m?[32mUser able to create section under the subject?[0m                                ?[90m# SuperAdminStepDef.userAbleToCreateSectionUnderTheSubject()?[0m
    ?[32mAnd ?[0m?[32mUser able to add ?[0m?[32m?[1m&quot;topic&quot;?[0m?[32m under the section and verify ?[0m?[32m?[1m&quot;Created Successfully&quot;?[0m ?[90m# SuperAdminStepDef.userAbleToAddUnderTheSectionAndVerify(String,String)?[0m

  Background:                   ?[90m# src/test/resources/features/uiFeatures/Demo.feature:4?[0m
[@smoke, @regressionSuite, @createQuestion]
Editor able to create question
BEFORE
13:27:58.654 [Test worker] DEBUG io.github.bonigarcia.wdm.cache.ResolutionCache - Resolution chrome=89 in cache (valid until 13:57:41 26/03/2021 GMT)
13:27:58.671 [Test worker] DEBUG io.github.bonigarcia.wdm.cache.ResolutionCache - Resolution chrome89=89.0.4389.23 in cache (valid until 21:40:02 26/03/2021 GMT)
13:27:58.673 [Test worker] INFO io.github.bonigarcia.wdm.WebDriverManager - Using chromedriver 89.0.4389.23 (resolved driver for Chrome 89)
13:27:58.803 [Test worker] DEBUG io.github.bonigarcia.wdm.WebDriverManager - Driver chromedriver 89.0.4389.23 found in cache
13:27:58.812 [Test worker] INFO io.github.bonigarcia.wdm.WebDriverManager - Exporting webdriver.chrome.driver as /Users/erhanilgar/.cache/selenium/chromedriver/mac64/89.0.4389.23/chromedriver
    ?[32mGiven ?[0m?[32mnavigate landing page?[0m ?[90m# StudentStepDef.navigate_landing_page()?[0m

  @regressionSuite @createQuestion @smoke
  Scenario: Editor able to create question                         ?[90m# src/test/resources/features/uiFeatures/Demo.feature:55?[0m
    ?[32mWhen ?[0m?[32mLogin as a ?[0m?[32m?[1m&quot;editor&quot;?[0m                                       ?[90m# SuperAdminStepDef.login_as_a(String)?[0m
    ?[32mAnd ?[0m?[32mUser click ?[0m?[32m?[1m&quot;Questions&quot;?[0m?[32m and ?[0m?[32m?[1m&quot;Add Question&quot;?[0m                  ?[90m# SuperAdminStepDef.user_click_and(String,String)?[0m
    ?[32mAnd ?[0m?[32mUser able to select topic ?[0m?[32m?[1m&quot;Subject&quot;?[0m?[32m ?[0m?[32m?[1m&quot;Section&quot;?[0m?[32m ?[0m?[32m?[1m&quot;Topic&quot;?[0m      ?[90m# SuperAdminStepDef.userAbleToSelectTopic(String,String,String)?[0m
choice = G
choice = H
choice = A
choice = E
choice = G
choice = G
    ?[32mAnd ?[0m?[32mUser able to select ?[0m?[32m?[1m&quot;EN&quot;?[0m?[32m ?[0m?[32m?[1m&quot;MULTI_SELECT&quot;?[0m?[32m and write question?[0m ?[90m# SuperAdminStepDef.userAbleToSelectAndWriteQuestion(String,String)?[0m

  @login2
  Scenario Outline: As a user I should be login successfully ?[90m# src/test/resources/features/uiFeatures/Demo.feature:63?[0m
    ?[36mGiven navigate landing page?[0m
    ?[36mWhen enter &quot;&lt;role&gt;&quot; credentials then click login?[0m
    ?[36mThen verify Welcome &quot;&lt;message&gt;&quot;?[0m
    ?[36mAnd click Sign out?[0m
    ?[36mThen verify logged out successfuly?[0m

    Examples: 

  Background:                   ?[90m# src/test/resources/features/uiFeatures/Demo.feature:4?[0m
[@regressionSuite, @login2]
As a user I should be login successfully
BEFORE
13:29:26.580 [Test worker] DEBUG io.github.bonigarcia.wdm.cache.ResolutionCache - Resolution chrome=89 in cache (valid until 13:57:41 26/03/2021 GMT)
13:29:26.728 [Test worker] DEBUG io.github.bonigarcia.wdm.cache.ResolutionCache - Resolution chrome89=89.0.4389.23 in cache (valid until 21:40:02 26/03/2021 GMT)
13:29:26.736 [Test worker] INFO io.github.bonigarcia.wdm.WebDriverManager - Using chromedriver 89.0.4389.23 (resolved driver for Chrome 89)
13:29:26.784 [Test worker] DEBUG io.github.bonigarcia.wdm.WebDriverManager - Driver chromedriver 89.0.4389.23 found in cache
13:29:26.805 [Test worker] INFO io.github.bonigarcia.wdm.WebDriverManager - Exporting webdriver.chrome.driver as /Users/erhanilgar/.cache/selenium/chromedriver/mac64/89.0.4389.23/chromedriver
    ?[32mGiven ?[0m?[32mnavigate landing page?[0m ?[90m# StudentStepDef.navigate_landing_page()?[0m

  @regressionSuite @login2
  Scenario Outline: As a user I should be login successfully ?[90m# src/test/resources/features/uiFeatures/Demo.feature:71?[0m
    ?[32mGiven ?[0m?[32mnavigate landing page?[0m                              ?[90m# StudentStepDef.navigate_landing_page()?[0m
    ?[31mWhen ?[0m?[31menter ?[0m?[31m?[1m&quot;superadmin&quot;?[0m?[31m credentials then click login?[0m     ?[90m# LoginStepDef.enter_credentials_then_click_login(String)?[0m
      ?[31morg.openqa.selenium.ElementClickInterceptedException: element click intercepted: Element &lt;span class=&quot;MuiButton-label&quot;&gt;...&lt;/span&gt; is not clickable at point (1082, 50). Other element would receive the click: &lt;div class=&quot;MuiDialog-container MuiDialog-scrollPaper&quot; role=&quot;none presentation&quot; tabindex=&quot;-1&quot; style=&quot;opacity: 1; transition: opacity 225ms cubic-bezier(0.4, 0, 0.2, 1) 0ms;&quot;&gt;...&lt;/div&gt;
  (Session info: chrome=89.0.4389.90)
Build info: version: '3.141.59', revision: 'e82be7d358', time: '2018-11-14T08:17:03'
System info: host: 'Erhan-MacBook-Pro.local', ip: 'fe80:0:0:0:4ee:2e98:9ecf:c8b%en0', os.name: 'Mac OS X', os.arch: 'x86_64', os.version: '10.16', java.version: '13.0.2'
Driver info: org.openqa.selenium.chrome.ChromeDriver
Capabilities {acceptInsecureCerts: false, browserName: chrome, browserVersion: 89.0.4389.90, chrome: {chromedriverVersion: 89.0.4389.23 (61b08ee2c5002..., userDataDir: /var/folders/lc/wf9jqgv92pd...}, goog:chromeOptions: {debuggerAddress: localhost:60930}, javascriptEnabled: true, networkConnectionEnabled: false, pageLoadStrategy: normal, platform: MAC, platformName: MAC, proxy: Proxy(), setWindowRect: true, strictFileInteractability: false, timeouts: {implicit: 0, pageLoad: 300000, script: 30000}, unhandledPromptBehavior: dismiss and notify, webauthn:extension:largeBlob: true, webauthn:virtualAuthenticators: true}
Session ID: e7de889b5e93178db198678492469406
	at java.base/jdk.internal.reflect.NativeConstructorAccessorImpl.newInstance0(Native Method)
	at java.base/jdk.internal.reflect.NativeConstructorAccessorImpl.newInstance(NativeConstructorAccessorImpl.java:62)
	at java.base/jdk.internal.reflect.DelegatingConstructorAccessorImpl.newInstance(DelegatingConstructorAccessorImpl.java:45)
	at java.base/java.lang.reflect.Constructor.newInstanceWithCaller(Constructor.java:500)
	at java.base/java.lang.reflect.Constructor.newInstance(Constructor.java:481)
	at org.openqa.selenium.remote.http.W3CHttpResponseCodec.createException(W3CHttpResponseCodec.java:187)
	at org.openqa.selenium.remote.http.W3CHttpResponseCodec.decode(W3CHttpResponseCodec.java:122)
	at org.openqa.selenium.remote.http.W3CHttpResponseCodec.decode(W3CHttpResponseCodec.java:49)
	at org.openqa.selenium.remote.HttpCommandExecutor.execute(HttpCommandExecutor.java:158)
	at org.openqa.selenium.remote.service.DriverCommandExecutor.execute(DriverCommandExecutor.java:83)
	at org.openqa.selenium.remote.RemoteWebDriver.execute(RemoteWebDriver.java:552)
	at org.openqa.selenium.remote.RemoteWebElement.execute(RemoteWebElement.java:285)
	at org.openqa.selenium.remote.RemoteWebElement.click(RemoteWebElement.java:84)
	at jdk.internal.reflect.GeneratedMethodAccessor1.invoke(Unknown Source)
	at java.base/jdk.internal.reflect.DelegatingMethodAccessorImpl.invoke(DelegatingMethodAccessorImpl.java:43)
	at java.base/java.lang.reflect.Method.invoke(Method.java:567)
	at org.openqa.selenium.support.pagefactory.internal.LocatingElementHandler.invoke(LocatingElementHandler.java:51)
	at com.sun.proxy.$Proxy24.click(Unknown Source)
	at com.edutest.pages.ui.Login.enterRoleCredentialsAndClickLogin(Login.java:91)
	at com.edutest.stepDefinitions.ui.LoginStepDef.enter_credentials_then_click_login(LoginStepDef.java:23)
	at ✽.enter &quot;superadmin&quot; credentials then click login(file:src/test/resources/features/uiFeatures/Demo.feature:65)
?[0m
    ?[36mThen ?[0m?[36mverify Welcome ?[0m?[36m?[1m&quot;Super Admin&quot;?[0m                        ?[90m# LoginStepDef.verify_Welcome(String)?[0m
    ?[36mAnd ?[0m?[36mclick Sign out?[0m                                       ?[90m# LoginStepDef.click_Sign_out()?[0m
    ?[36mThen ?[0m?[36mverify logged out successfuly?[0m                       ?[90m# LoginStepDef.verify_logged_out_successfuly()?[0m

  Background:                   ?[90m# src/test/resources/features/uiFeatures/Demo.feature:4?[0m
[@regressionSuite, @login2]
As a user I should be login successfully
BEFORE
13:30:04.735 [Test worker] DEBUG io.github.bonigarcia.wdm.cache.ResolutionCache - Resolution chrome=89 in cache (valid until 13:57:41 26/03/2021 GMT)
13:30:04.740 [Test worker] DEBUG io.github.bonigarcia.wdm.cache.ResolutionCache - Resolution chrome89=89.0.4389.23 in cache (valid until 21:40:02 26/03/2021 GMT)
13:30:04.741 [Test worker] INFO io.github.bonigarcia.wdm.WebDriverManager - Using chromedriver 89.0.4389.23 (resolved driver for Chrome 89)
13:30:04.913 [Test worker] DEBUG io.github.bonigarcia.wdm.WebDriverManager - Driver chromedriver 89.0.4389.23 found in cache
13:30:04.917 [Test worker] INFO io.github.bonigarcia.wdm.WebDriverManager - Exporting webdriver.chrome.driver as /Users/erhanilgar/.cache/selenium/chromedriver/mac64/89.0.4389.23/chromedriver
    ?[32mGiven ?[0m?[32mnavigate landing page?[0m ?[90m# StudentStepDef.navigate_landing_page()?[0m

  @regressionSuite @login2
  Scenario Outline: As a user I should be login successfully ?[90m# src/test/resources/features/uiFeatures/Demo.feature:72?[0m
    ?[32mGiven ?[0m?[32mnavigate landing page?[0m                              ?[90m# StudentStepDef.navigate_landing_page()?[0m
    ?[31mWhen ?[0m?[31menter ?[0m?[31m?[1m&quot;moderator&quot;?[0m?[31m credentials then click login?[0m      ?[90m# LoginStepDef.enter_credentials_then_click_login(String)?[0m
      ?[31morg.openqa.selenium.ElementClickInterceptedException: element click intercepted: Element &lt;span class=&quot;MuiButton-label&quot;&gt;...&lt;/span&gt; is not clickable at point (1082, 50). Other element would receive the click: &lt;div class=&quot;MuiDialog-container MuiDialog-scrollPaper&quot; role=&quot;none presentation&quot; tabindex=&quot;-1&quot; style=&quot;opacity: 1; transition: opacity 225ms cubic-bezier(0.4, 0, 0.2, 1) 0ms;&quot;&gt;...&lt;/div&gt;
  (Session info: chrome=89.0.4389.90)
Build info: version: '3.141.59', revision: 'e82be7d358', time: '2018-11-14T08:17:03'
System info: host: 'Erhan-MacBook-Pro.local', ip: 'fe80:0:0:0:4ee:2e98:9ecf:c8b%en0', os.name: 'Mac OS X', os.arch: 'x86_64', os.version: '10.16', java.version: '13.0.2'
Driver info: org.openqa.selenium.chrome.ChromeDriver
Capabilities {acceptInsecureCerts: false, browserName: chrome, browserVersion: 89.0.4389.90, chrome: {chromedriverVersion: 89.0.4389.23 (61b08ee2c5002..., userDataDir: /var/folders/lc/wf9jqgv92pd...}, goog:chromeOptions: {debuggerAddress: localhost:61130}, javascriptEnabled: true, networkConnectionEnabled: false, pageLoadStrategy: normal, platform: MAC, platformName: MAC, proxy: Proxy(), setWindowRect: true, strictFileInteractability: false, timeouts: {implicit: 0, pageLoad: 300000, script: 30000}, unhandledPromptBehavior: dismiss and notify, webauthn:extension:largeBlob: true, webauthn:virtualAuthenticators: true}
Session ID: 7485c3227b686017617e668faf9f54f3
	at java.base/jdk.internal.reflect.NativeConstructorAccessorImpl.newInstance0(Native Method)
	at java.base/jdk.internal.reflect.NativeConstructorAccessorImpl.newInstance(NativeConstructorAccessorImpl.java:62)
	at java.base/jdk.internal.reflect.DelegatingConstructorAccessorImpl.newInstance(DelegatingConstructorAccessorImpl.java:45)
	at java.base/java.lang.reflect.Constructor.newInstanceWithCaller(Constructor.java:500)
	at java.base/java.lang.reflect.Constructor.newInstance(Constructor.java:481)
	at org.openqa.selenium.remote.http.W3CHttpResponseCodec.createException(W3CHttpResponseCodec.java:187)
	at org.openqa.selenium.remote.http.W3CHttpResponseCodec.decode(W3CHttpResponseCodec.java:122)
	at org.openqa.selenium.remote.http.W3CHttpResponseCodec.decode(W3CHttpResponseCodec.java:49)
	at org.openqa.selenium.remote.HttpCommandExecutor.execute(HttpCommandExecutor.java:158)
	at org.openqa.selenium.remote.service.DriverCommandExecutor.execute(DriverCommandExecutor.java:83)
	at org.openqa.selenium.remote.RemoteWebDriver.execute(RemoteWebDriver.java:552)
	at org.openqa.selenium.remote.RemoteWebElement.execute(RemoteWebElement.java:285)
	at org.openqa.selenium.remote.RemoteWebElement.click(RemoteWebElement.java:84)
	at jdk.internal.reflect.GeneratedMethodAccessor1.invoke(Unknown Source)
	at java.base/jdk.internal.reflect.DelegatingMethodAccessorImpl.invoke(DelegatingMethodAccessorImpl.java:43)
	at java.base/java.lang.reflect.Method.invoke(Method.java:567)
	at org.openqa.selenium.support.pagefactory.internal.LocatingElementHandler.invoke(LocatingElementHandler.java:51)
	at com.sun.proxy.$Proxy24.click(Unknown Source)
	at com.edutest.pages.ui.Login.enterRoleCredentialsAndClickLogin(Login.java:91)
	at com.edutest.stepDefinitions.ui.LoginStepDef.enter_credentials_then_click_login(LoginStepDef.java:23)
	at ✽.enter &quot;moderator&quot; credentials then click login(file:src/test/resources/features/uiFeatures/Demo.feature:65)
?[0m
    ?[36mThen ?[0m?[36mverify Welcome ?[0m?[36m?[1m&quot;Moderator&quot;?[0m                          ?[90m# LoginStepDef.verify_Welcome(String)?[0m
    ?[36mAnd ?[0m?[36mclick Sign out?[0m                                       ?[90m# LoginStepDef.click_Sign_out()?[0m
    ?[36mThen ?[0m?[36mverify logged out successfuly?[0m                       ?[90m# LoginStepDef.verify_logged_out_successfuly()?[0m

  Background:                   ?[90m# src/test/resources/features/uiFeatures/Demo.feature:4?[0m
[@regressionSuite, @login2]
As a user I should be login successfully
BEFORE
13:30:40.388 [Test worker] DEBUG io.github.bonigarcia.wdm.cache.ResolutionCache - Resolution chrome=89 in cache (valid until 13:57:41 26/03/2021 GMT)
13:30:40.405 [Test worker] DEBUG io.github.bonigarcia.wdm.cache.ResolutionCache - Resolution chrome89=89.0.4389.23 in cache (valid until 21:40:02 26/03/2021 GMT)
13:30:40.405 [Test worker] INFO io.github.bonigarcia.wdm.WebDriverManager - Using chromedriver 89.0.4389.23 (resolved driver for Chrome 89)
13:30:40.556 [Test worker] DEBUG io.github.bonigarcia.wdm.WebDriverManager - Driver chromedriver 89.0.4389.23 found in cache
13:30:40.563 [Test worker] INFO io.github.bonigarcia.wdm.WebDriverManager - Exporting webdriver.chrome.driver as /Users/erhanilgar/.cache/selenium/chromedriver/mac64/89.0.4389.23/chromedriver
    ?[32mGiven ?[0m?[32mnavigate landing page?[0m ?[90m# StudentStepDef.navigate_landing_page()?[0m

  @regressionSuite @login2
  Scenario Outline: As a user I should be login successfully ?[90m# src/test/resources/features/uiFeatures/Demo.feature:73?[0m
    ?[32mGiven ?[0m?[32mnavigate landing page?[0m                              ?[90m# StudentStepDef.navigate_landing_page()?[0m
    ?[31mWhen ?[0m?[31menter ?[0m?[31m?[1m&quot;editor&quot;?[0m?[31m credentials then click login?[0m         ?[90m# LoginStepDef.enter_credentials_then_click_login(String)?[0m
      ?[31morg.openqa.selenium.ElementClickInterceptedException: element click intercepted: Element &lt;span class=&quot;MuiButton-label&quot;&gt;...&lt;/span&gt; is not clickable at point (1082, 50). Other element would receive the click: &lt;div class=&quot;MuiDialog-container MuiDialog-scrollPaper&quot; role=&quot;none presentation&quot; tabindex=&quot;-1&quot; style=&quot;opacity: 1; transition: opacity 225ms cubic-bezier(0.4, 0, 0.2, 1) 0ms;&quot;&gt;...&lt;/div&gt;
  (Session info: chrome=89.0.4389.90)
Build info: version: '3.141.59', revision: 'e82be7d358', time: '2018-11-14T08:17:03'
System info: host: 'Erhan-MacBook-Pro.local', ip: 'fe80:0:0:0:4ee:2e98:9ecf:c8b%en0', os.name: 'Mac OS X', os.arch: 'x86_64', os.version: '10.16', java.version: '13.0.2'
Driver info: org.openqa.selenium.chrome.ChromeDriver
Capabilities {acceptInsecureCerts: false, browserName: chrome, browserVersion: 89.0.4389.90, chrome: {chromedriverVersion: 89.0.4389.23 (61b08ee2c5002..., userDataDir: /var/folders/lc/wf9jqgv92pd...}, goog:chromeOptions: {debuggerAddress: localhost:61306}, javascriptEnabled: true, networkConnectionEnabled: false, pageLoadStrategy: normal, platform: MAC, platformName: MAC, proxy: Proxy(), setWindowRect: true, strictFileInteractability: false, timeouts: {implicit: 0, pageLoad: 300000, script: 30000}, unhandledPromptBehavior: dismiss and notify, webauthn:extension:largeBlob: true, webauthn:virtualAuthenticators: true}
Session ID: 6fe5fd3ee16eb9369894907d405f48e5
	at java.base/jdk.internal.reflect.NativeConstructorAccessorImpl.newInstance0(Native Method)
	at java.base/jdk.internal.reflect.NativeConstructorAccessorImpl.newInstance(NativeConstructorAccessorImpl.java:62)
	at java.base/jdk.internal.reflect.DelegatingConstructorAccessorImpl.newInstance(DelegatingConstructorAccessorImpl.java:45)
	at java.base/java.lang.reflect.Constructor.newInstanceWithCaller(Constructor.java:500)
	at java.base/java.lang.reflect.Constructor.newInstance(Constructor.java:481)
	at org.openqa.selenium.remote.http.W3CHttpResponseCodec.createException(W3CHttpResponseCodec.java:187)
	at org.openqa.selenium.remote.http.W3CHttpResponseCodec.decode(W3CHttpResponseCodec.java:122)
	at org.openqa.selenium.remote.http.W3CHttpResponseCodec.decode(W3CHttpResponseCodec.java:49)
	at org.openqa.selenium.remote.HttpCommandExecutor.execute(HttpCommandExecutor.java:158)
	at org.openqa.selenium.remote.service.DriverCommandExecutor.execute(DriverCommandExecutor.java:83)
	at org.openqa.selenium.remote.RemoteWebDriver.execute(RemoteWebDriver.java:552)
	at org.openqa.selenium.remote.RemoteWebElement.execute(RemoteWebElement.java:285)
	at org.openqa.selenium.remote.RemoteWebElement.click(RemoteWebElement.java:84)
	at jdk.internal.reflect.GeneratedMethodAccessor1.invoke(Unknown Source)
	at java.base/jdk.internal.reflect.DelegatingMethodAccessorImpl.invoke(DelegatingMethodAccessorImpl.java:43)
	at java.base/java.lang.reflect.Method.invoke(Method.java:567)
	at org.openqa.selenium.support.pagefactory.internal.LocatingElementHandler.invoke(LocatingElementHandler.java:51)
	at com.sun.proxy.$Proxy24.click(Unknown Source)
	at com.edutest.pages.ui.Login.enterRoleCredentialsAndClickLogin(Login.java:91)
	at com.edutest.stepDefinitions.ui.LoginStepDef.enter_credentials_then_click_login(LoginStepDef.java:23)
	at ✽.enter &quot;editor&quot; credentials then click login(file:src/test/resources/features/uiFeatures/Demo.feature:65)
?[0m
    ?[36mThen ?[0m?[36mverify Welcome ?[0m?[36m?[1m&quot;Editor&quot;?[0m                             ?[90m# LoginStepDef.verify_Welcome(String)?[0m
    ?[36mAnd ?[0m?[36mclick Sign out?[0m                                       ?[90m# LoginStepDef.click_Sign_out()?[0m
    ?[36mThen ?[0m?[36mverify logged out successfuly?[0m                       ?[90m# LoginStepDef.verify_logged_out_successfuly()?[0m

  Background:                   ?[90m# src/test/resources/features/uiFeatures/Demo.feature:4?[0m
[@regressionSuite, @login2]
As a user I should be login successfully
BEFORE
13:31:14.839 [Test worker] DEBUG io.github.bonigarcia.wdm.cache.ResolutionCache - Resolution chrome=89 in cache (valid until 13:57:41 26/03/2021 GMT)
13:31:14.846 [Test worker] DEBUG io.github.bonigarcia.wdm.cache.ResolutionCache - Resolution chrome89=89.0.4389.23 in cache (valid until 21:40:02 26/03/2021 GMT)
13:31:14.847 [Test worker] INFO io.github.bonigarcia.wdm.WebDriverManager - Using chromedriver 89.0.4389.23 (resolved driver for Chrome 89)
13:31:14.868 [Test worker] DEBUG io.github.bonigarcia.wdm.WebDriverManager - Driver chromedriver 89.0.4389.23 found in cache
13:31:14.872 [Test worker] INFO io.github.bonigarcia.wdm.WebDriverManager - Exporting webdriver.chrome.driver as /Users/erhanilgar/.cache/selenium/chromedriver/mac64/89.0.4389.23/chromedriver
    ?[32mGiven ?[0m?[32mnavigate landing page?[0m ?[90m# StudentStepDef.navigate_landing_page()?[0m

  @regressionSuite @login2
  Scenario Outline: As a user I should be login successfully ?[90m# src/test/resources/features/uiFeatures/Demo.feature:74?[0m
    ?[32mGiven ?[0m?[32mnavigate landing page?[0m                              ?[90m# StudentStepDef.navigate_landing_page()?[0m
    ?[31mWhen ?[0m?[31menter ?[0m?[31m?[1m&quot;teacher&quot;?[0m?[31m credentials then click login?[0m        ?[90m# LoginStepDef.enter_credentials_then_click_login(String)?[0m
      ?[31morg.openqa.selenium.ElementClickInterceptedException: element click intercepted: Element &lt;span class=&quot;MuiButton-label&quot;&gt;...&lt;/span&gt; is not clickable at point (1082, 50). Other element would receive the click: &lt;div class=&quot;MuiDialog-container MuiDialog-scrollPaper&quot; role=&quot;none presentation&quot; tabindex=&quot;-1&quot; style=&quot;opacity: 1; transition: opacity 225ms cubic-bezier(0.4, 0, 0.2, 1) 0ms;&quot;&gt;...&lt;/div&gt;
  (Session info: chrome=89.0.4389.90)
Build info: version: '3.141.59', revision: 'e82be7d358', time: '2018-11-14T08:17:03'
System info: host: 'Erhan-MacBook-Pro.local', ip: 'fe80:0:0:0:4ee:2e98:9ecf:c8b%en0', os.name: 'Mac OS X', os.arch: 'x86_64', os.version: '10.16', java.version: '13.0.2'
Driver info: org.openqa.selenium.chrome.ChromeDriver
Capabilities {acceptInsecureCerts: false, browserName: chrome, browserVersion: 89.0.4389.90, chrome: {chromedriverVersion: 89.0.4389.23 (61b08ee2c5002..., userDataDir: /var/folders/lc/wf9jqgv92pd...}, goog:chromeOptions: {debuggerAddress: localhost:61473}, javascriptEnabled: true, networkConnectionEnabled: false, pageLoadStrategy: normal, platform: MAC, platformName: MAC, proxy: Proxy(), setWindowRect: true, strictFileInteractability: false, timeouts: {implicit: 0, pageLoad: 300000, script: 30000}, unhandledPromptBehavior: dismiss and notify, webauthn:extension:largeBlob: true, webauthn:virtualAuthenticators: true}
Session ID: 018b4a4d5511a0a2e3935cb4d791a124
	at java.base/jdk.internal.reflect.NativeConstructorAccessorImpl.newInstance0(Native Method)
	at java.base/jdk.internal.reflect.NativeConstructorAccessorImpl.newInstance(NativeConstructorAccessorImpl.java:62)
	at java.base/jdk.internal.reflect.DelegatingConstructorAccessorImpl.newInstance(DelegatingConstructorAccessorImpl.java:45)
	at java.base/java.lang.reflect.Constructor.newInstanceWithCaller(Constructor.java:500)
	at java.base/java.lang.reflect.Constructor.newInstance(Constructor.java:481)
	at org.openqa.selenium.remote.http.W3CHttpResponseCodec.createException(W3CHttpResponseCodec.java:187)
	at org.openqa.selenium.remote.http.W3CHttpResponseCodec.decode(W3CHttpResponseCodec.java:122)
	at org.openqa.selenium.remote.http.W3CHttpResponseCodec.decode(W3CHttpResponseCodec.java:49)
	at org.openqa.selenium.remote.HttpCommandExecutor.execute(HttpCommandExecutor.java:158)
	at org.openqa.selenium.remote.service.DriverCommandExecutor.execute(DriverCommandExecutor.java:83)
	at org.openqa.selenium.remote.RemoteWebDriver.execute(RemoteWebDriver.java:552)
	at org.openqa.selenium.remote.RemoteWebElement.execute(RemoteWebElement.java:285)
	at org.openqa.selenium.remote.RemoteWebElement.click(RemoteWebElement.java:84)
	at jdk.internal.reflect.GeneratedMethodAccessor1.invoke(Unknown Source)
	at java.base/jdk.internal.reflect.DelegatingMethodAccessorImpl.invoke(DelegatingMethodAccessorImpl.java:43)
	at java.base/java.lang.reflect.Method.invoke(Method.java:567)
	at org.openqa.selenium.support.pagefactory.internal.LocatingElementHandler.invoke(LocatingElementHandler.java:51)
	at com.sun.proxy.$Proxy24.click(Unknown Source)
	at com.edutest.pages.ui.Login.enterRoleCredentialsAndClickLogin(Login.java:91)
	at com.edutest.stepDefinitions.ui.LoginStepDef.enter_credentials_then_click_login(LoginStepDef.java:23)
	at ✽.enter &quot;teacher&quot; credentials then click login(file:src/test/resources/features/uiFeatures/Demo.feature:65)
?[0m
    ?[36mThen ?[0m?[36mverify Welcome ?[0m?[36m?[1m&quot;Teacher&quot;?[0m                            ?[90m# LoginStepDef.verify_Welcome(String)?[0m
    ?[36mAnd ?[0m?[36mclick Sign out?[0m                                       ?[90m# LoginStepDef.click_Sign_out()?[0m
    ?[36mThen ?[0m?[36mverify logged out successfuly?[0m                       ?[90m# LoginStepDef.verify_logged_out_successfuly()?[0m

  Background:                   ?[90m# src/test/resources/features/uiFeatures/Demo.feature:4?[0m
[@regressionSuite, @login2]
As a user I should be login successfully
BEFORE
13:31:52.239 [Test worker] DEBUG io.github.bonigarcia.wdm.cache.ResolutionCache - Resolution chrome=89 in cache (valid until 13:57:41 26/03/2021 GMT)
13:31:52.242 [Test worker] DEBUG io.github.bonigarcia.wdm.cache.ResolutionCache - Resolution chrome89=89.0.4389.23 in cache (valid until 21:40:02 26/03/2021 GMT)
13:31:52.242 [Test worker] INFO io.github.bonigarcia.wdm.WebDriverManager - Using chromedriver 89.0.4389.23 (resolved driver for Chrome 89)
13:31:52.259 [Test worker] DEBUG io.github.bonigarcia.wdm.WebDriverManager - Driver chromedriver 89.0.4389.23 found in cache
13:31:52.426 [Test worker] INFO io.github.bonigarcia.wdm.WebDriverManager - Exporting webdriver.chrome.driver as /Users/erhanilgar/.cache/selenium/chromedriver/mac64/89.0.4389.23/chromedriver
    ?[32mGiven ?[0m?[32mnavigate landing page?[0m ?[90m# StudentStepDef.navigate_landing_page()?[0m

  @regressionSuite @login2
  Scenario Outline: As a user I should be login successfully ?[90m# src/test/resources/features/uiFeatures/Demo.feature:75?[0m
    ?[32mGiven ?[0m?[32mnavigate landing page?[0m                              ?[90m# StudentStepDef.navigate_landing_page()?[0m
    ?[31mWhen ?[0m?[31menter ?[0m?[31m?[1m&quot;student&quot;?[0m?[31m credentials then click login?[0m        ?[90m# LoginStepDef.enter_credentials_then_click_login(String)?[0m
      ?[31morg.openqa.selenium.ElementClickInterceptedException: element click intercepted: Element &lt;span class=&quot;MuiButton-label&quot;&gt;...&lt;/span&gt; is not clickable at point (1082, 50). Other element would receive the click: &lt;div class=&quot;MuiDialog-container MuiDialog-scrollPaper&quot; role=&quot;none presentation&quot; tabindex=&quot;-1&quot; style=&quot;opacity: 1; transition: opacity 225ms cubic-bezier(0.4, 0, 0.2, 1) 0ms;&quot;&gt;...&lt;/div&gt;
  (Session info: chrome=89.0.4389.90)
Build info: version: '3.141.59', revision: 'e82be7d358', time: '2018-11-14T08:17:03'
System info: host: 'Erhan-MacBook-Pro.local', ip: 'fe80:0:0:0:4ee:2e98:9ecf:c8b%en0', os.name: 'Mac OS X', os.arch: 'x86_64', os.version: '10.16', java.version: '13.0.2'
Driver info: org.openqa.selenium.chrome.ChromeDriver
Capabilities {acceptInsecureCerts: false, browserName: chrome, browserVersion: 89.0.4389.90, chrome: {chromedriverVersion: 89.0.4389.23 (61b08ee2c5002..., userDataDir: /var/folders/lc/wf9jqgv92pd...}, goog:chromeOptions: {debuggerAddress: localhost:61675}, javascriptEnabled: true, networkConnectionEnabled: false, pageLoadStrategy: normal, platform: MAC, platformName: MAC, proxy: Proxy(), setWindowRect: true, strictFileInteractability: false, timeouts: {implicit: 0, pageLoad: 300000, script: 30000}, unhandledPromptBehavior: dismiss and notify, webauthn:extension:largeBlob: true, webauthn:virtualAuthenticators: true}
Session ID: c2181f9e622e7f43248ef543b614b49f
	at java.base/jdk.internal.reflect.NativeConstructorAccessorImpl.newInstance0(Native Method)
	at java.base/jdk.internal.reflect.NativeConstructorAccessorImpl.newInstance(NativeConstructorAccessorImpl.java:62)
	at java.base/jdk.internal.reflect.DelegatingConstructorAccessorImpl.newInstance(DelegatingConstructorAccessorImpl.java:45)
	at java.base/java.lang.reflect.Constructor.newInstanceWithCaller(Constructor.java:500)
	at java.base/java.lang.reflect.Constructor.newInstance(Constructor.java:481)
	at org.openqa.selenium.remote.http.W3CHttpResponseCodec.createException(W3CHttpResponseCodec.java:187)
	at org.openqa.selenium.remote.http.W3CHttpResponseCodec.decode(W3CHttpResponseCodec.java:122)
	at org.openqa.selenium.remote.http.W3CHttpResponseCodec.decode(W3CHttpResponseCodec.java:49)
	at org.openqa.selenium.remote.HttpCommandExecutor.execute(HttpCommandExecutor.java:158)
	at org.openqa.selenium.remote.service.DriverCommandExecutor.execute(DriverCommandExecutor.java:83)
	at org.openqa.selenium.remote.RemoteWebDriver.execute(RemoteWebDriver.java:552)
	at org.openqa.selenium.remote.RemoteWebElement.execute(RemoteWebElement.java:285)
	at org.openqa.selenium.remote.RemoteWebElement.click(RemoteWebElement.java:84)
	at jdk.internal.reflect.GeneratedMethodAccessor1.invoke(Unknown Source)
	at java.base/jdk.internal.reflect.DelegatingMethodAccessorImpl.invoke(DelegatingMethodAccessorImpl.java:43)
	at java.base/java.lang.reflect.Method.invoke(Method.java:567)
	at org.openqa.selenium.support.pagefactory.internal.LocatingElementHandler.invoke(LocatingElementHandler.java:51)
	at com.sun.proxy.$Proxy24.click(Unknown Source)
	at com.edutest.pages.ui.Login.enterRoleCredentialsAndClickLogin(Login.java:91)
	at com.edutest.stepDefinitions.ui.LoginStepDef.enter_credentials_then_click_login(LoginStepDef.java:23)
	at ✽.enter &quot;student&quot; credentials then click login(file:src/test/resources/features/uiFeatures/Demo.feature:65)
?[0m
    ?[36mThen ?[0m?[36mverify Welcome ?[0m?[36m?[1m&quot;Student&quot;?[0m                            ?[90m# LoginStepDef.verify_Welcome(String)?[0m
    ?[36mAnd ?[0m?[36mclick Sign out?[0m                                       ?[90m# LoginStepDef.click_Sign_out()?[0m
    ?[36mThen ?[0m?[36mverify logged out successfuly?[0m                       ?[90m# LoginStepDef.verify_logged_out_successfuly()?[0m
</pre>
</span>
</div>
<div id="tab3" class="tab">
<h2>Standard error</h2>
<span class="code">
<pre>Starting ChromeDriver 89.0.4389.23 (61b08ee2c50024bab004e48d2b1b083cdbdac579-refs/branch-heads/4389@{#294}) on port 34124
Only local connections are allowed.
Please see https://chromedriver.chromium.org/security-considerations for suggestions on keeping ChromeDriver safe.
ChromeDriver was started successfully.
Mar 26, 2021 1:21:22 PM org.openqa.selenium.remote.ProtocolHandshake createSession
INFO: Detected dialect: W3C
Starting ChromeDriver 89.0.4389.23 (61b08ee2c50024bab004e48d2b1b083cdbdac579-refs/branch-heads/4389@{#294}) on port 32195
Only local connections are allowed.
Please see https://chromedriver.chromium.org/security-considerations for suggestions on keeping ChromeDriver safe.
ChromeDriver was started successfully.
Mar 26, 2021 1:22:14 PM org.openqa.selenium.remote.ProtocolHandshake createSession
INFO: Detected dialect: W3C
Starting ChromeDriver 89.0.4389.23 (61b08ee2c50024bab004e48d2b1b083cdbdac579-refs/branch-heads/4389@{#294}) on port 1876
Only local connections are allowed.
Please see https://chromedriver.chromium.org/security-considerations for suggestions on keeping ChromeDriver safe.
ChromeDriver was started successfully.
Mar 26, 2021 1:22:57 PM org.openqa.selenium.remote.ProtocolHandshake createSession
INFO: Detected dialect: W3C
Starting ChromeDriver 89.0.4389.23 (61b08ee2c50024bab004e48d2b1b083cdbdac579-refs/branch-heads/4389@{#294}) on port 21599
Only local connections are allowed.
Please see https://chromedriver.chromium.org/security-considerations for suggestions on keeping ChromeDriver safe.
ChromeDriver was started successfully.
Mar 26, 2021 1:23:49 PM org.openqa.selenium.remote.ProtocolHandshake createSession
INFO: Detected dialect: W3C
Starting ChromeDriver 89.0.4389.23 (61b08ee2c50024bab004e48d2b1b083cdbdac579-refs/branch-heads/4389@{#294}) on port 36284
Only local connections are allowed.
Please see https://chromedriver.chromium.org/security-considerations for suggestions on keeping ChromeDriver safe.
ChromeDriver was started successfully.
Mar 26, 2021 1:24:40 PM org.openqa.selenium.remote.ProtocolHandshake createSession
INFO: Detected dialect: W3C
Starting ChromeDriver 89.0.4389.23 (61b08ee2c50024bab004e48d2b1b083cdbdac579-refs/branch-heads/4389@{#294}) on port 17912
Only local connections are allowed.
Please see https://chromedriver.chromium.org/security-considerations for suggestions on keeping ChromeDriver safe.
ChromeDriver was started successfully.
Mar 26, 2021 1:25:23 PM org.openqa.selenium.remote.ProtocolHandshake createSession
INFO: Detected dialect: W3C
Starting ChromeDriver 89.0.4389.23 (61b08ee2c50024bab004e48d2b1b083cdbdac579-refs/branch-heads/4389@{#294}) on port 41876
Only local connections are allowed.
Please see https://chromedriver.chromium.org/security-considerations for suggestions on keeping ChromeDriver safe.
ChromeDriver was started successfully.
Mar 26, 2021 1:26:07 PM org.openqa.selenium.remote.ProtocolHandshake createSession
INFO: Detected dialect: W3C
Starting ChromeDriver 89.0.4389.23 (61b08ee2c50024bab004e48d2b1b083cdbdac579-refs/branch-heads/4389@{#294}) on port 24179
Only local connections are allowed.
Please see https://chromedriver.chromium.org/security-considerations for suggestions on keeping ChromeDriver safe.
ChromeDriver was started successfully.
Mar 26, 2021 1:26:54 PM org.openqa.selenium.remote.ProtocolHandshake createSession
INFO: Detected dialect: W3C
Starting ChromeDriver 89.0.4389.23 (61b08ee2c50024bab004e48d2b1b083cdbdac579-refs/branch-heads/4389@{#294}) on port 45215
Only local connections are allowed.
Please see https://chromedriver.chromium.org/security-considerations for suggestions on keeping ChromeDriver safe.
ChromeDriver was started successfully.
Mar 26, 2021 1:28:08 PM org.openqa.selenium.remote.ProtocolHandshake createSession
INFO: Detected dialect: W3C
Starting ChromeDriver 89.0.4389.23 (61b08ee2c50024bab004e48d2b1b083cdbdac579-refs/branch-heads/4389@{#294}) on port 18407
Only local connections are allowed.
Please see https://chromedriver.chromium.org/security-considerations for suggestions on keeping ChromeDriver safe.
ChromeDriver was started successfully.
Mar 26, 2021 1:29:34 PM org.openqa.selenium.remote.ProtocolHandshake createSession
INFO: Detected dialect: W3C
Starting ChromeDriver 89.0.4389.23 (61b08ee2c50024bab004e48d2b1b083cdbdac579-refs/branch-heads/4389@{#294}) on port 13790
Only local connections are allowed.
Please see https://chromedriver.chromium.org/security-considerations for suggestions on keeping ChromeDriver safe.
ChromeDriver was started successfully.
Mar 26, 2021 1:30:12 PM org.openqa.selenium.remote.ProtocolHandshake createSession
INFO: Detected dialect: W3C
Starting ChromeDriver 89.0.4389.23 (61b08ee2c50024bab004e48d2b1b083cdbdac579-refs/branch-heads/4389@{#294}) on port 11492
Only local connections are allowed.
Please see https://chromedriver.chromium.org/security-considerations for suggestions on keeping ChromeDriver safe.
ChromeDriver was started successfully.
Mar 26, 2021 1:30:47 PM org.openqa.selenium.remote.ProtocolHandshake createSession
INFO: Detected dialect: W3C
Starting ChromeDriver 89.0.4389.23 (61b08ee2c50024bab004e48d2b1b083cdbdac579-refs/branch-heads/4389@{#294}) on port 44962
Only local connections are allowed.
Please see https://chromedriver.chromium.org/security-considerations for suggestions on keeping ChromeDriver safe.
ChromeDriver was started successfully.
Mar 26, 2021 1:31:21 PM org.openqa.selenium.remote.ProtocolHandshake createSession
INFO: Detected dialect: W3C
Starting ChromeDriver 89.0.4389.23 (61b08ee2c50024bab004e48d2b1b083cdbdac579-refs/branch-heads/4389@{#294}) on port 33285
Only local connections are allowed.
Please see https://chromedriver.chromium.org/security-considerations for suggestions on keeping ChromeDriver safe.
ChromeDriver was started successfully.
Mar 26, 2021 1:31:59 PM org.openqa.selenium.remote.ProtocolHandshake createSession
INFO: Detected dialect: W3C
</pre>
</span>
</div>
</div>
<div id="footer">
<p>
<div>
<label class="hidden" id="label-for-line-wrapping-toggle" for="line-wrapping-toggle">Wrap lines
<input id="line-wrapping-toggle" type="checkbox" autocomplete="off"/>
</label>
</div>Generated by 
<a href="http://www.gradle.org">Gradle 6.7</a> at 26 Mar 2021, 13:32:31</p>
</div>
</div>
</body>
</html>
